2014/07/26 16:13:57 [error] [exception.CHttpException.404] exception 'CHttpException' with message 'The requested page does not exist.' in /home/kenan/project/shixi/html/yii/demos/blog/protected/controllers/PostController.php:183
Stack trace:
#0 /home/kenan/project/shixi/html/yii/demos/blog/protected/controllers/PostController.php(48): PostController->loadModel()
#1 /home/kenan/project/shixi/html/yii/framework/web/actions/CInlineAction.php(49): PostController->actionView()
#2 /home/kenan/project/shixi/html/yii/framework/web/CController.php(308): CInlineAction->runWithParams(Array)
#3 /home/kenan/project/shixi/html/yii/framework/web/filters/CFilterChain.php(133): CController->runAction(Object(CInlineAction))
#4 /home/kenan/project/shixi/html/yii/framework/web/filters/CFilter.php(40): CFilterChain->run()
#5 /home/kenan/project/shixi/html/yii/framework/web/CController.php(1145): CFilter->filter(Object(CFilterChain))
#6 /home/kenan/project/shixi/html/yii/framework/web/filters/CInlineFilter.php(58): CController->filterAccessControl(Object(CFilterChain))
#7 /home/kenan/project/shixi/html/yii/framework/web/filters/CFilterChain.php(130): CInlineFilter->filter(Object(CFilterChain))
#8 /home/kenan/project/shixi/html/yii/framework/web/CController.php(291): CFilterChain->run()
#9 /home/kenan/project/shixi/html/yii/framework/web/CController.php(265): CController->runActionWithFilters(Object(CInlineAction), Array)
#10 /home/kenan/project/shixi/html/yii/framework/web/CWebApplication.php(282): CController->run('view')
#11 /home/kenan/project/shixi/html/yii/framework/web/CWebApplication.php(141): CWebApplication->runController('post/view')
#12 /home/kenan/project/shixi/html/yii/framework/base/CApplication.php(180): CWebApplication->processRequest()
#13 /home/kenan/project/shixi/html/yii/demos/blog/index.php(11): CApplication->run()
#14 {main}
REQUEST_URI=/apple/yii/demos/blog/index.php/post/view
---
2014/07/26 16:14:35 [error] [exception.CHttpException.400] exception 'CHttpException' with message 'Invalid request. Please do not repeat this request again.' in /home/kenan/project/shixi/html/yii/demos/blog/protected/controllers/PostController.php:111
Stack trace:
#0 /home/kenan/project/shixi/html/yii/framework/web/actions/CInlineAction.php(49): PostController->actionDelete()
#1 /home/kenan/project/shixi/html/yii/framework/web/CController.php(308): CInlineAction->runWithParams(Array)
#2 /home/kenan/project/shixi/html/yii/framework/web/filters/CFilterChain.php(133): CController->runAction(Object(CInlineAction))
#3 /home/kenan/project/shixi/html/yii/framework/web/filters/CFilter.php(40): CFilterChain->run()
#4 /home/kenan/project/shixi/html/yii/framework/web/CController.php(1145): CFilter->filter(Object(CFilterChain))
#5 /home/kenan/project/shixi/html/yii/framework/web/filters/CInlineFilter.php(58): CController->filterAccessControl(Object(CFilterChain))
#6 /home/kenan/project/shixi/html/yii/framework/web/filters/CFilterChain.php(130): CInlineFilter->filter(Object(CFilterChain))
#7 /home/kenan/project/shixi/html/yii/framework/web/CController.php(291): CFilterChain->run()
#8 /home/kenan/project/shixi/html/yii/framework/web/CController.php(265): CController->runActionWithFilters(Object(CInlineAction), Array)
#9 /home/kenan/project/shixi/html/yii/framework/web/CWebApplication.php(282): CController->run('delete')
#10 /home/kenan/project/shixi/html/yii/framework/web/CWebApplication.php(141): CWebApplication->runController('post/delete')
#11 /home/kenan/project/shixi/html/yii/framework/base/CApplication.php(180): CWebApplication->processRequest()
#12 /home/kenan/project/shixi/html/yii/demos/blog/index.php(11): CApplication->run()
#13 {main}
REQUEST_URI=/apple/yii/demos/blog/index.php/post/delete
---
2014/07/26 16:14:47 [error] [exception.CHttpException.404] exception 'CHttpException' with message 'The requested page does not exist.' in /home/kenan/project/shixi/html/yii/demos/blog/protected/controllers/PostController.php:183
Stack trace:
#0 /home/kenan/project/shixi/html/yii/demos/blog/protected/controllers/PostController.php(82): PostController->loadModel()
#1 /home/kenan/project/shixi/html/yii/framework/web/actions/CInlineAction.php(49): PostController->actionUpdate()
#2 /home/kenan/project/shixi/html/yii/framework/web/CController.php(308): CInlineAction->runWithParams(Array)
#3 /home/kenan/project/shixi/html/yii/framework/web/filters/CFilterChain.php(133): CController->runAction(Object(CInlineAction))
#4 /home/kenan/project/shixi/html/yii/framework/web/filters/CFilter.php(40): CFilterChain->run()
#5 /home/kenan/project/shixi/html/yii/framework/web/CController.php(1145): CFilter->filter(Object(CFilterChain))
#6 /home/kenan/project/shixi/html/yii/framework/web/filters/CInlineFilter.php(58): CController->filterAccessControl(Object(CFilterChain))
#7 /home/kenan/project/shixi/html/yii/framework/web/filters/CFilterChain.php(130): CInlineFilter->filter(Object(CFilterChain))
#8 /home/kenan/project/shixi/html/yii/framework/web/CController.php(291): CFilterChain->run()
#9 /home/kenan/project/shixi/html/yii/framework/web/CController.php(265): CController->runActionWithFilters(Object(CInlineAction), Array)
#10 /home/kenan/project/shixi/html/yii/framework/web/CWebApplication.php(282): CController->run('update')
#11 /home/kenan/project/shixi/html/yii/framework/web/CWebApplication.php(141): CWebApplication->runController('post/update')
#12 /home/kenan/project/shixi/html/yii/framework/base/CApplication.php(180): CWebApplication->processRequest()
#13 /home/kenan/project/shixi/html/yii/demos/blog/index.php(11): CApplication->run()
#14 {main}
REQUEST_URI=/apple/yii/demos/blog/index.php/post/update
---
2014/07/26 16:29:41 [error] [exception.CHttpException.404] exception 'CHttpException' with message 'The system is unable to find the requested action "1".' in /home/kenan/project/shixi/html/yii/framework/web/CController.php:483
Stack trace:
#0 /home/kenan/project/shixi/html/yii/framework/web/CController.php(270): CController->missingAction('1')
#1 /home/kenan/project/shixi/html/yii/framework/web/CWebApplication.php(282): CController->run('1')
#2 /home/kenan/project/shixi/html/yii/framework/web/CWebApplication.php(141): CWebApplication->runController('post/1')
#3 /home/kenan/project/shixi/html/yii/framework/base/CApplication.php(180): CWebApplication->processRequest()
#4 /home/kenan/project/shixi/html/yii/demos/blog/index.php(11): CApplication->run()
#5 {main}
REQUEST_URI=/apple/yii/demos/blog/index.php/post/1
---
2014/07/27 09:00:53 [error] [exception.CHttpException.404] exception 'CHttpException' with message 'Unable to resolve the request "siter".' in /home/kenan/project/shixi/html/yii/framework/web/CWebApplication.php:286
Stack trace:
#0 /home/kenan/project/shixi/html/yii/framework/web/CWebApplication.php(141): CWebApplication->runController('siter')
#1 /home/kenan/project/shixi/html/yii/framework/base/CApplication.php(180): CWebApplication->processRequest()
#2 /home/kenan/project/shixi/html/yii/demos/blog/index.php(11): CApplication->run()
#3 {main}
REQUEST_URI=/apple/yii/demos/blog/index.php/siter
---
